{
"contracts/Voiting.sol":{"l":{"40":54,"44":32,"45":32,"49":3,"50":3,"51":3,"52":3,"53":3,"54":4,"55":4,"57":3,"61":17,"62":17,"66":10,"67":10,"68":9,"72":13,"73":13,"74":12,"75":12,"79":4,"80":1,"81":1,"84":3,"88":7,"89":6,"90":6,"91":5,"92":4,"94":3,"95":3,"96":3,"97":3,"101":5,"102":5,"103":5,"104":5,"105":5,"106":5,"107":2,"108":2,"110":2,"111":1,"114":2,"115":2,"123":7,"124":7,"125":6,"128":5,"129":5,"130":5,"131":5,"132":5,"133":3,"134":3,"136":3,"137":1,"141":5,"143":5,"145":5,"146":5,"151":4,"152":4,"153":3,"154":2,"156":2,"160":2,"161":2,"163":1,"165":1},"path":"/Users/vladimirudin/new/smart_contract/contracts/Voiting.sol","s":{"1":54,"2":32,"3":3,"4":3,"5":3,"6":3,"7":3,"8":4,"9":4,"10":3,"11":17,"12":17,"13":10,"14":10,"15":9,"16":13,"17":13,"18":12,"19":12,"20":4,"21":1,"22":1,"23":3,"24":7,"25":6,"26":6,"27":5,"28":4,"29":3,"30":3,"31":3,"32":5,"33":5,"34":5,"35":5,"36":5,"37":5,"38":2,"39":2,"40":2,"41":1,"42":2,"43":2,"44":7,"45":7,"46":6,"47":5,"48":5,"49":5,"50":5,"51":5,"52":3,"53":3,"54":3,"55":1,"56":5,"57":5,"58":5,"59":5,"60":4,"61":4,"62":3,"63":2,"64":2,"65":2,"66":2,"67":1,"68":1},"b":{"1":[32,0],"2":[9,1],"3":[12,1],"4":[1,0],"5":[6,1],"6":[5,1],"7":[4,1],"8":[3,1],"9":[1,1],"10":[2,0],"11":[6,1],"12":[5,1],"13":[1,2],"14":[3,1],"15":[2,1],"16":[1,1]},"f":{"1":54,"2":32,"3":3,"4":17,"5":10,"6":13,"7":4,"8":7,"9":5,"10":7,"11":4,"12":2},"fnMap":{"1":{"name":"constructor","line":39,"loc":{"start":{"line":39,"column":4},"end":{"line":41,"column":4}}},"2":{"name":"onlyOwner","line":43,"loc":{"start":{"line":43,"column":4},"end":{"line":46,"column":4}}},"3":{"name":"Candidates","line":48,"loc":{"start":{"line":48,"column":4},"end":{"line":58,"column":4}}},"4":{"name":"createVoting","line":60,"loc":{"start":{"line":60,"column":4},"end":{"line":63,"column":4}}},"5":{"name":"addCandidate","line":65,"loc":{"start":{"line":65,"column":4},"end":{"line":69,"column":4}}},"6":{"name":"startVoting","line":71,"loc":{"start":{"line":71,"column":4},"end":{"line":76,"column":4}}},"7":{"name":"addrExists","line":78,"loc":{"start":{"line":78,"column":4},"end":{"line":85,"column":4}}},"8":{"name":"vote","line":87,"loc":{"start":{"line":87,"column":4},"end":{"line":98,"column":4}}},"9":{"name":"winner","line":100,"loc":{"start":{"line":100,"column":4},"end":{"line":118,"column":4}}},"10":{"name":"stopVoting","line":122,"loc":{"start":{"line":122,"column":4},"end":{"line":147,"column":4}}},"11":{"name":"currentVoting","line":150,"loc":{"start":{"line":150,"column":4},"end":{"line":157,"column":4}}},"12":{"name":"ownerFee","line":159,"loc":{"start":{"line":159,"column":4},"end":{"line":166,"column":4}}}},"statementMap":{"1":{"start":{"line":40,"column":8},"end":{"line":40,"column":25}},"2":{"start":{"line":44,"column":8},"end":{"line":44,"column":52}},"3":{"start":{"line":49,"column":8},"end":{"line":49,"column":47}},"4":{"start":{"line":50,"column":8},"end":{"line":50,"column":49}},"5":{"start":{"line":51,"column":8},"end":{"line":51,"column":47}},"6":{"start":{"line":52,"column":8},"end":{"line":52,"column":62}},"7":{"start":{"line":53,"column":8},"end":{"line":53,"column":1380}},"8":{"start":{"line":54,"column":12},"end":{"line":54,"column":55}},"9":{"start":{"line":55,"column":12},"end":{"line":55,"column":59}},"10":{"start":{"line":57,"column":8},"end":{"line":57,"column":37}},"11":{"start":{"line":61,"column":8},"end":{"line":61,"column":49}},"12":{"start":{"line":62,"column":8},"end":{"line":62,"column":31}},"13":{"start":{"line":66,"column":8},"end":{"line":66,"column":47}},"14":{"start":{"line":67,"column":8},"end":{"line":67,"column":44}},"15":{"start":{"line":68,"column":8},"end":{"line":68,"column":45}},"16":{"start":{"line":72,"column":8},"end":{"line":72,"column":47}},"17":{"start":{"line":73,"column":8},"end":{"line":73,"column":44}},"18":{"start":{"line":74,"column":8},"end":{"line":74,"column":29}},"19":{"start":{"line":75,"column":8},"end":{"line":75,"column":50}},"20":{"start":{"line":79,"column":8},"end":{"line":79,"column":2303}},"21":{"start":{"line":80,"column":12},"end":{"line":80,"column":2365}},"22":{"start":{"line":81,"column":16},"end":{"line":81,"column":27}},"23":{"start":{"line":84,"column":8},"end":{"line":84,"column":20}},"24":{"start":{"line":88,"column":8},"end":{"line":88,"column":63}},"25":{"start":{"line":89,"column":8},"end":{"line":89,"column":47}},"26":{"start":{"line":90,"column":8},"end":{"line":90,"column":47}},"27":{"start":{"line":91,"column":8},"end":{"line":91,"column":43}},"28":{"start":{"line":92,"column":8},"end":{"line":92,"column":85}},"29":{"start":{"line":94,"column":8},"end":{"line":94,"column":39}},"30":{"start":{"line":96,"column":8},"end":{"line":96,"column":47}},"31":{"start":{"line":97,"column":8},"end":{"line":97,"column":46}},"32":{"start":{"line":101,"column":8},"end":{"line":101,"column":47}},"33":{"start":{"line":102,"column":8},"end":{"line":102,"column":49}},"34":{"start":{"line":103,"column":8},"end":{"line":103,"column":47}},"35":{"start":{"line":104,"column":8},"end":{"line":104,"column":62}},"36":{"start":{"line":105,"column":8},"end":{"line":105,"column":20}},"37":{"start":{"line":106,"column":8},"end":{"line":106,"column":3334}},"38":{"start":{"line":107,"column":12},"end":{"line":107,"column":55}},"39":{"start":{"line":108,"column":12},"end":{"line":108,"column":59}},"40":{"start":{"line":110,"column":12},"end":{"line":110,"column":3506}},"41":{"start":{"line":111,"column":16},"end":{"line":111,"column":33}},"42":{"start":{"line":114,"column":12},"end":{"line":114,"column":3595}},"43":{"start":{"line":115,"column":16},"end":{"line":115,"column":40}},"44":{"start":{"line":123,"column":8},"end":{"line":123,"column":47}},"45":{"start":{"line":124,"column":8},"end":{"line":124,"column":47}},"46":{"start":{"line":125,"column":8},"end":{"line":125,"column":43}},"47":{"start":{"line":128,"column":8},"end":{"line":128,"column":49}},"48":{"start":{"line":129,"column":8},"end":{"line":129,"column":47}},"49":{"start":{"line":130,"column":8},"end":{"line":130,"column":62}},"50":{"start":{"line":131,"column":8},"end":{"line":131,"column":20}},"51":{"start":{"line":132,"column":8},"end":{"line":132,"column":4138}},"52":{"start":{"line":133,"column":12},"end":{"line":133,"column":55}},"53":{"start":{"line":134,"column":12},"end":{"line":134,"column":59}},"54":{"start":{"line":136,"column":12},"end":{"line":136,"column":4310}},"55":{"start":{"line":137,"column":16},"end":{"line":137,"column":33}},"56":{"start":{"line":141,"column":8},"end":{"line":141,"column":37}},"57":{"start":{"line":143,"column":8},"end":{"line":143,"column":53}},"58":{"start":{"line":145,"column":8},"end":{"line":145,"column":78}},"59":{"start":{"line":146,"column":8},"end":{"line":146,"column":27}},"60":{"start":{"line":151,"column":12},"end":{"line":151,"column":51}},"61":{"start":{"line":152,"column":12},"end":{"line":152,"column":51}},"62":{"start":{"line":153,"column":12},"end":{"line":153,"column":47}},"63":{"start":{"line":154,"column":12},"end":{"line":154,"column":61}},"64":{"start":{"line":156,"column":12},"end":{"line":156,"column":89}},"65":{"start":{"line":160,"column":8},"end":{"line":160,"column":47}},"66":{"start":{"line":161,"column":8},"end":{"line":161,"column":43}},"67":{"start":{"line":163,"column":8},"end":{"line":163,"column":47}},"68":{"start":{"line":165,"column":8},"end":{"line":165,"column":80}}},"branchMap":{"1":{"line":44,"type":"if","locations":[{"start":{"line":44,"column":8},"end":{"line":44,"column":8}},{"start":{"line":44,"column":8},"end":{"line":44,"column":8}}]},"2":{"line":67,"type":"if","locations":[{"start":{"line":67,"column":8},"end":{"line":67,"column":8}},{"start":{"line":67,"column":8},"end":{"line":67,"column":8}}]},"3":{"line":73,"type":"if","locations":[{"start":{"line":73,"column":8},"end":{"line":73,"column":8}},{"start":{"line":73,"column":8},"end":{"line":73,"column":8}}]},"4":{"line":80,"type":"if","locations":[{"start":{"line":80,"column":12},"end":{"line":80,"column":12}},{"start":{"line":80,"column":12},"end":{"line":80,"column":12}}]},"5":{"line":88,"type":"if","locations":[{"start":{"line":88,"column":8},"end":{"line":88,"column":8}},{"start":{"line":88,"column":8},"end":{"line":88,"column":8}}]},"6":{"line":90,"type":"if","locations":[{"start":{"line":90,"column":8},"end":{"line":90,"column":8}},{"start":{"line":90,"column":8},"end":{"line":90,"column":8}}]},"7":{"line":91,"type":"if","locations":[{"start":{"line":91,"column":8},"end":{"line":91,"column":8}},{"start":{"line":91,"column":8},"end":{"line":91,"column":8}}]},"8":{"line":92,"type":"if","locations":[{"start":{"line":92,"column":8},"end":{"line":92,"column":8}},{"start":{"line":92,"column":8},"end":{"line":92,"column":8}}]},"9":{"line":110,"type":"if","locations":[{"start":{"line":110,"column":12},"end":{"line":110,"column":12}},{"start":{"line":110,"column":12},"end":{"line":110,"column":12}}]},"10":{"line":114,"type":"if","locations":[{"start":{"line":114,"column":12},"end":{"line":114,"column":12}},{"start":{"line":114,"column":12},"end":{"line":114,"column":12}}]},"11":{"line":124,"type":"if","locations":[{"start":{"line":124,"column":8},"end":{"line":124,"column":8}},{"start":{"line":124,"column":8},"end":{"line":124,"column":8}}]},"12":{"line":125,"type":"if","locations":[{"start":{"line":125,"column":8},"end":{"line":125,"column":8}},{"start":{"line":125,"column":8},"end":{"line":125,"column":8}}]},"13":{"line":136,"type":"if","locations":[{"start":{"line":136,"column":12},"end":{"line":136,"column":12}},{"start":{"line":136,"column":12},"end":{"line":136,"column":12}}]},"14":{"line":152,"type":"if","locations":[{"start":{"line":152,"column":12},"end":{"line":152,"column":12}},{"start":{"line":152,"column":12},"end":{"line":152,"column":12}}]},"15":{"line":153,"type":"if","locations":[{"start":{"line":153,"column":12},"end":{"line":153,"column":12}},{"start":{"line":153,"column":12},"end":{"line":153,"column":12}}]},"16":{"line":161,"type":"if","locations":[{"start":{"line":161,"column":8},"end":{"line":161,"column":8}},{"start":{"line":161,"column":8},"end":{"line":161,"column":8}}]}}}}
