{
"contracts/Voting.sol":{"l":{"42":39,"46":18,"47":17,"51":15,"52":15,"54":15,"55":30,"60":15,"61":15,"62":15,"64":15,"68":5,"69":4,"70":4,"71":3,"73":2,"74":2,"76":2,"80":6,"81":6,"84":5,"86":5,"88":5,"89":5,"91":5,"95":5,"96":5,"98":5,"99":10,"100":1,"101":1,"107":1,"111":6,"112":6,"113":5,"117":2,"118":2,"119":1,"121":1,"125":2,"126":2,"128":1,"130":1},"path":"/Users/vladimirudin/new/smart_contract/contracts/Voting.sol","s":{"1":39,"2":18,"3":15,"4":15,"5":15,"6":30,"7":15,"8":15,"9":15,"10":15,"11":5,"12":4,"13":4,"14":3,"15":2,"16":2,"17":6,"18":6,"19":5,"20":5,"21":5,"22":5,"23":5,"24":5,"25":5,"26":5,"27":10,"28":1,"29":1,"30":1,"31":6,"32":6,"33":5,"34":2,"35":2,"36":1,"37":1,"38":2,"39":2,"40":1,"41":1},"b":{"1":[17,1],"2":[4,1],"3":[3,1],"4":[2,1],"5":[5,1],"6":[1,9],"7":[5,1],"8":[1,1],"9":[1,1]},"f":{"1":39,"2":18,"3":15,"4":5,"5":6,"6":5,"7":1,"8":6,"9":2,"10":2},"fnMap":{"1":{"name":"constructor","line":41,"loc":{"start":{"line":41,"column":4},"end":{"line":43,"column":4}}},"2":{"name":"onlyOwner","line":45,"loc":{"start":{"line":45,"column":4},"end":{"line":48,"column":4}}},"3":{"name":"createVoting","line":50,"loc":{"start":{"line":50,"column":4},"end":{"line":65,"column":4}}},"4":{"name":"vote","line":67,"loc":{"start":{"line":67,"column":4},"end":{"line":77,"column":4}}},"5":{"name":"stopVoting","line":79,"loc":{"start":{"line":79,"column":4},"end":{"line":92,"column":4}}},"6":{"name":"winningCandidate","line":94,"loc":{"start":{"line":94,"column":4},"end":{"line":104,"column":4}}},"7":{"name":"getAllVotingsLength","line":106,"loc":{"start":{"line":106,"column":4},"end":{"line":108,"column":4}}},"8":{"name":"winnerName","line":110,"loc":{"start":{"line":110,"column":4},"end":{"line":114,"column":4}}},"9":{"name":"getVoting","line":116,"loc":{"start":{"line":116,"column":4},"end":{"line":122,"column":4}}},"10":{"name":"ownerFee","line":124,"loc":{"start":{"line":124,"column":4},"end":{"line":131,"column":4}}}},"statementMap":{"1":{"start":{"line":42,"column":8},"end":{"line":42,"column":25}},"2":{"start":{"line":46,"column":8},"end":{"line":46,"column":52}},"3":{"start":{"line":51,"column":8},"end":{"line":51,"column":50}},"4":{"start":{"line":52,"column":8},"end":{"line":52,"column":31}},"5":{"start":{"line":54,"column":8},"end":{"line":54,"column":1238}},"6":{"start":{"line":55,"column":16},"end":{"line":55,"column":1313}},"7":{"start":{"line":60,"column":8},"end":{"line":60,"column":38}},"8":{"start":{"line":61,"column":8},"end":{"line":61,"column":39}},"9":{"start":{"line":62,"column":8},"end":{"line":62,"column":52}},"10":{"start":{"line":64,"column":8},"end":{"line":64,"column":77}},"11":{"start":{"line":68,"column":8},"end":{"line":68,"column":63}},"12":{"start":{"line":69,"column":8},"end":{"line":69,"column":48}},"13":{"start":{"line":70,"column":8},"end":{"line":70,"column":70}},"14":{"start":{"line":71,"column":8},"end":{"line":71,"column":68}},"15":{"start":{"line":73,"column":8},"end":{"line":73,"column":39}},"16":{"start":{"line":76,"column":8},"end":{"line":76,"column":39}},"17":{"start":{"line":80,"column":8},"end":{"line":80,"column":48}},"18":{"start":{"line":81,"column":8},"end":{"line":81,"column":70}},"19":{"start":{"line":84,"column":8},"end":{"line":84,"column":41}},"20":{"start":{"line":86,"column":8},"end":{"line":86,"column":53}},"21":{"start":{"line":88,"column":8},"end":{"line":88,"column":34}},"22":{"start":{"line":89,"column":8},"end":{"line":89,"column":37}},"23":{"start":{"line":91,"column":8},"end":{"line":91,"column":78}},"24":{"start":{"line":95,"column":8},"end":{"line":95,"column":48}},"25":{"start":{"line":96,"column":8},"end":{"line":96,"column":33}},"26":{"start":{"line":98,"column":8},"end":{"line":98,"column":2830}},"27":{"start":{"line":99,"column":12},"end":{"line":99,"column":2901}},"28":{"start":{"line":100,"column":16},"end":{"line":100,"column":66}},"29":{"start":{"line":101,"column":16},"end":{"line":101,"column":36}},"30":{"start":{"line":107,"column":8},"end":{"line":107,"column":29}},"31":{"start":{"line":111,"column":8},"end":{"line":111,"column":48}},"32":{"start":{"line":112,"column":8},"end":{"line":112,"column":70}},"33":{"start":{"line":113,"column":8},"end":{"line":113,"column":70}},"34":{"start":{"line":117,"column":8},"end":{"line":117,"column":48}},"35":{"start":{"line":118,"column":8},"end":{"line":118,"column":70}},"36":{"start":{"line":119,"column":8},"end":{"line":119,"column":51}},"37":{"start":{"line":121,"column":8},"end":{"line":121,"column":83}},"38":{"start":{"line":125,"column":8},"end":{"line":125,"column":48}},"39":{"start":{"line":126,"column":8},"end":{"line":126,"column":67}},"40":{"start":{"line":128,"column":8},"end":{"line":128,"column":47}},"41":{"start":{"line":130,"column":8},"end":{"line":130,"column":80}}},"branchMap":{"1":{"line":46,"type":"if","locations":[{"start":{"line":46,"column":8},"end":{"line":46,"column":8}},{"start":{"line":46,"column":8},"end":{"line":46,"column":8}}]},"2":{"line":68,"type":"if","locations":[{"start":{"line":68,"column":8},"end":{"line":68,"column":8}},{"start":{"line":68,"column":8},"end":{"line":68,"column":8}}]},"3":{"line":70,"type":"if","locations":[{"start":{"line":70,"column":8},"end":{"line":70,"column":8}},{"start":{"line":70,"column":8},"end":{"line":70,"column":8}}]},"4":{"line":71,"type":"if","locations":[{"start":{"line":71,"column":8},"end":{"line":71,"column":8}},{"start":{"line":71,"column":8},"end":{"line":71,"column":8}}]},"5":{"line":81,"type":"if","locations":[{"start":{"line":81,"column":8},"end":{"line":81,"column":8}},{"start":{"line":81,"column":8},"end":{"line":81,"column":8}}]},"6":{"line":99,"type":"if","locations":[{"start":{"line":99,"column":12},"end":{"line":99,"column":12}},{"start":{"line":99,"column":12},"end":{"line":99,"column":12}}]},"7":{"line":112,"type":"if","locations":[{"start":{"line":112,"column":8},"end":{"line":112,"column":8}},{"start":{"line":112,"column":8},"end":{"line":112,"column":8}}]},"8":{"line":118,"type":"if","locations":[{"start":{"line":118,"column":8},"end":{"line":118,"column":8}},{"start":{"line":118,"column":8},"end":{"line":118,"column":8}}]},"9":{"line":126,"type":"if","locations":[{"start":{"line":126,"column":8},"end":{"line":126,"column":8}},{"start":{"line":126,"column":8},"end":{"line":126,"column":8}}]}}}}
