TN:
SF:/Users/vladimirudin/new/smart_contract/contracts/Voting.sol
FN:41,constructor
FN:45,onlyOwner
FN:50,createVoting
FN:67,vote
FN:79,stopVoting
FN:94,winningCandidate
FN:106,getAllVotingsLength
FN:110,winnerName
FN:116,getVoting
FN:124,ownerFee
FNF:10
FNH:10
FNDA:39,constructor
FNDA:18,onlyOwner
FNDA:15,createVoting
FNDA:5,vote
FNDA:6,stopVoting
FNDA:5,winningCandidate
FNDA:1,getAllVotingsLength
FNDA:6,winnerName
FNDA:2,getVoting
FNDA:2,ownerFee
DA:42,39
DA:46,18
DA:47,17
DA:51,15
DA:52,15
DA:54,15
DA:55,30
DA:60,15
DA:61,15
DA:62,15
DA:64,15
DA:68,5
DA:69,4
DA:70,4
DA:71,3
DA:73,2
DA:74,2
DA:76,2
DA:80,6
DA:81,6
DA:84,5
DA:86,5
DA:88,5
DA:89,5
DA:91,5
DA:95,5
DA:96,5
DA:98,5
DA:99,10
DA:100,1
DA:101,1
DA:107,1
DA:111,6
DA:112,6
DA:113,5
DA:117,2
DA:118,2
DA:119,1
DA:121,1
DA:125,2
DA:126,2
DA:128,1
DA:130,1
LF:43
LH:43
BRDA:46,1,0,17
BRDA:46,1,1,1
BRDA:68,2,0,4
BRDA:68,2,1,1
BRDA:70,3,0,3
BRDA:70,3,1,1
BRDA:71,4,0,2
BRDA:71,4,1,1
BRDA:81,5,0,5
BRDA:81,5,1,1
BRDA:99,6,0,1
BRDA:99,6,1,9
BRDA:112,7,0,5
BRDA:112,7,1,1
BRDA:118,8,0,1
BRDA:118,8,1,1
BRDA:126,9,0,1
BRDA:126,9,1,1
BRF:18
BRH:18
end_of_record
