TN:
SF:/Users/vladimirudin/new/smart_contract/contracts/Voiting.sol
FN:39,constructor
FN:43,onlyOwner
FN:48,Candidates
FN:60,createVoting
FN:65,addCandidate
FN:71,startVoting
FN:78,addrExists
FN:87,vote
FN:100,winner
FN:122,stopVoting
FN:150,currentVoting
FN:159,ownerFee
FNF:12
FNH:12
FNDA:54,constructor
FNDA:32,onlyOwner
FNDA:3,Candidates
FNDA:17,createVoting
FNDA:10,addCandidate
FNDA:13,startVoting
FNDA:4,addrExists
FNDA:7,vote
FNDA:5,winner
FNDA:7,stopVoting
FNDA:4,currentVoting
FNDA:2,ownerFee
DA:40,54
DA:44,32
DA:45,32
DA:49,3
DA:50,3
DA:51,3
DA:52,3
DA:53,3
DA:54,4
DA:55,4
DA:57,3
DA:61,17
DA:62,17
DA:66,10
DA:67,10
DA:68,9
DA:72,13
DA:73,13
DA:74,12
DA:75,12
DA:79,4
DA:80,1
DA:81,1
DA:84,3
DA:88,7
DA:89,6
DA:90,6
DA:91,5
DA:92,4
DA:94,3
DA:95,3
DA:96,3
DA:97,3
DA:101,5
DA:102,5
DA:103,5
DA:104,5
DA:105,5
DA:106,5
DA:107,2
DA:108,2
DA:110,2
DA:111,1
DA:114,2
DA:115,2
DA:123,7
DA:124,7
DA:125,6
DA:128,5
DA:129,5
DA:130,5
DA:131,5
DA:132,5
DA:133,3
DA:134,3
DA:136,3
DA:137,1
DA:141,5
DA:143,5
DA:145,5
DA:146,5
DA:151,4
DA:152,4
DA:153,3
DA:154,2
DA:156,2
DA:160,2
DA:161,2
DA:163,1
DA:165,1
LF:70
LH:70
BRDA:44,1,0,32
BRDA:44,1,1,0
BRDA:67,2,0,9
BRDA:67,2,1,1
BRDA:73,3,0,12
BRDA:73,3,1,1
BRDA:80,4,0,1
BRDA:80,4,1,0
BRDA:88,5,0,6
BRDA:88,5,1,1
BRDA:90,6,0,5
BRDA:90,6,1,1
BRDA:91,7,0,4
BRDA:91,7,1,1
BRDA:92,8,0,3
BRDA:92,8,1,1
BRDA:110,9,0,1
BRDA:110,9,1,1
BRDA:114,10,0,2
BRDA:114,10,1,0
BRDA:124,11,0,6
BRDA:124,11,1,1
BRDA:125,12,0,5
BRDA:125,12,1,1
BRDA:136,13,0,1
BRDA:136,13,1,2
BRDA:152,14,0,3
BRDA:152,14,1,1
BRDA:153,15,0,2
BRDA:153,15,1,1
BRDA:161,16,0,1
BRDA:161,16,1,1
BRF:32
BRH:29
end_of_record
